<?xml version="1.0" encoding="UTF-8"?>
<!-- Generated by org.testng.reporters.JUnitReportReporter -->
<testsuite skipped="0" hostname="adcf040d4517" name="gridtest.Launchbrowser" tests="3" failures="0" timestamp="17 Oct 2020 12:07:42 GMT" time="5.940" errors="0">
  <testcase name="test" time="1.960" classname="gridtest.Launchbrowser"/>
  <testcase name="test" time="1.813" classname="gridtest.Launchbrowser"/>
  <testcase name="test" time="2.167" classname="gridtest.Launchbrowser"/>
</testsuite> <!-- gridtest.Launchbrowser -->
