<?xml version="1.0" encoding="UTF-8"?>
<!-- Generated by org.testng.reporters.JUnitReportReporter -->
<testsuite skipped="0" hostname="d91faa4b00fc" name="gridtest.Launchbrowser" tests="1" failures="0" timestamp="24 Sep 2020 11:48:19 GMT" time="4.682" errors="0">
  <testcase name="test" time="4.682" classname="gridtest.Launchbrowser"/>
</testsuite> <!-- gridtest.Launchbrowser -->
