<?xml version="1.0" encoding="UTF-8"?>
<!-- Generated by org.testng.reporters.JUnitReportReporter -->
<testsuite skipped="0" hostname="d91faa4b00fc" name="gridtest.Node2" tests="1" failures="0" timestamp="24 Sep 2020 11:48:19 GMT" time="20.278" errors="0">
  <testcase name="testnode2" time="20.278" classname="gridtest.Node2"/>
</testsuite> <!-- gridtest.Node2 -->
