<?xml version="1.0" encoding="UTF-8"?>
<!-- Generated by org.testng.reporters.JUnitReportReporter -->
<testsuite skipped="0" hostname="d91faa4b00fc" name="gridtest.Node1" tests="1" failures="0" timestamp="24 Sep 2020 11:48:19 GMT" time="1.816" errors="0">
  <testcase name="testnode1" time="1.816" classname="gridtest.Node1"/>
</testsuite> <!-- gridtest.Node1 -->
