<?xml version="1.0" encoding="UTF-8"?>
<!-- Generated by org.testng.reporters.JUnitReportReporter -->
<testsuite skipped="0" hostname="system" name="gridtest.Node1" tests="1" failures="0" timestamp="2020-10-13T19:37:35 IST" time="1.736" errors="0">
  <testcase name="testnode1" time="1.736" classname="gridtest.Node1"/>
  <system-out/>
</testsuite> <!-- gridtest.Node1 -->
