<?xml version="1.0" encoding="UTF-8"?>
<!-- Generated by org.testng.reporters.JUnitReportReporter -->
<testsuite skipped="0" hostname="system" name="gridtest.Launchbrowser" tests="3" failures="0" timestamp="2020-09-25T10:14:06 IST" time="5.975" errors="0">
  <testcase name="test" time="2.225" classname="gridtest.Launchbrowser"/>
  <system-out/>
  <testcase name="test" time="1.868" classname="gridtest.Launchbrowser"/>
  <system-out/>
  <testcase name="test" time="1.882" classname="gridtest.Launchbrowser"/>
  <system-out/>
</testsuite> <!-- gridtest.Launchbrowser -->
