<?xml version="1.0" encoding="UTF-8"?>
<!-- Generated by org.testng.reporters.JUnitReportReporter -->
<testsuite skipped="0" hostname="system" name="gridtest.Node2" tests="1" failures="0" timestamp="2020-10-13T19:37:35 IST" time="3.298" errors="0">
  <testcase name="testnode2" time="3.298" classname="gridtest.Node2"/>
  <system-out/>
</testsuite> <!-- gridtest.Node2 -->
