<?xml version="1.0" encoding="UTF-8"?>
<!-- Generated by org.testng.reporters.JUnitReportReporter -->
<testsuite skipped="0" hostname="system" name="gridtest.Node2" tests="1" failures="0" timestamp="2020-09-25T10:14:06 IST" time="1.629" errors="0">
  <testcase name="testnode2" time="1.629" classname="gridtest.Node2"/>
  <system-out/>
</testsuite> <!-- gridtest.Node2 -->
