<?xml version="1.0" encoding="UTF-8"?>
<!-- Generated by org.testng.reporters.JUnitReportReporter -->
<testsuite skipped="0" hostname="system" name="gridtest.Launchbrowser" tests="3" failures="0" timestamp="2020-10-13T19:37:19 IST" time="6.738" errors="0">
  <testcase name="test" time="1.874" classname="gridtest.Launchbrowser"/>
  <system-out/>
  <testcase name="test" time="3.049" classname="gridtest.Launchbrowser"/>
  <system-out/>
  <testcase name="test" time="1.815" classname="gridtest.Launchbrowser"/>
  <system-out/>
</testsuite> <!-- gridtest.Launchbrowser -->
