<?xml version="1.0" encoding="UTF-8"?>
<!-- Generated by org.testng.reporters.JUnitReportReporter -->
<testsuite skipped="0" hostname="92e02ce76bcd" name="gridtest.Node2" tests="1" failures="0" timestamp="17 Oct 2020 12:07:17 GMT" time="4.906" errors="0">
  <testcase name="testnode2" time="4.906" classname="gridtest.Node2"/>
</testsuite> <!-- gridtest.Node2 -->
