<?xml version="1.0" encoding="UTF-8"?>
<!-- Generated by org.testng.reporters.JUnitReportReporter -->
<testsuite skipped="0" hostname="92e02ce76bcd" name="gridtest.Node1" tests="1" failures="0" timestamp="17 Oct 2020 12:07:17 GMT" time="0.453" errors="0">
  <testcase name="testnode1" time="0.453" classname="gridtest.Node1"/>
</testsuite> <!-- gridtest.Node1 -->
